<?xml version="1.0" encoding="UTF-8"?>
<testsuite name="org.apache.ofbiz.entity.DelegatorUnitTests" tests="5" skipped="0" failures="0" errors="0" timestamp="2017-11-14T12:54:58" hostname="Seans-MacBook-Pro.local" time="7.679">
  <properties/>
  <testcase name="delegatorCreationUsingConstructorFailsIfConfigurationIsMissing" classname="org.apache.ofbiz.entity.DelegatorUnitTests" time="1.836"/>
  <testcase name="delegatorCreationUsingConstructor" classname="org.apache.ofbiz.entity.DelegatorUnitTests" time="5.835"/>
  <testcase name="delegatorCreationUsingFactoryGetInstance" classname="org.apache.ofbiz.entity.DelegatorUnitTests" time="0.004"/>
  <testcase name="delegatorCreationUsingFactoryGetDelegator" classname="org.apache.ofbiz.entity.DelegatorUnitTests" time="0.003"/>
  <testcase name="delegatorCreationUsingFactoryReturnsNullIfConfigurationIsMissing" classname="org.apache.ofbiz.entity.DelegatorUnitTests" time="0.0"/>
  <system-out><![CDATA[]]></system-out>
  <system-err><![CDATA[]]></system-err>
</testsuite>
